Successfully loaded PyTorch BiLSTM Trained on FakeNewsNet!
 * Serving Flask app 'app'
 * Debug mode: on
Address already in use
Port 3000 is in use by another program. Either identify and stop that program, or start the server with a different port.
Successfully loaded PyTorch BiLSTM Trained on FakeNewsNet!
 * Serving Flask app 'app'
 * Debug mode: on
Address already in use
Port 3000 is in use by another program. Either identify and stop that program, or start the server with a different port.
Successfully loaded PyTorch BiLSTM Trained on FakeNewsNet!
 * Serving Flask app 'app'
 * Debug mode: on
Address already in use
Port 3000 is in use by another program. Either identify and stop that program, or start the server with a different port.
Successfully loaded PyTorch BiLSTM Trained on FakeNewsNet!
 * Serving Flask app 'app'
 * Debug mode: on
Address already in use
Port 3000 is in use by another program. Either identify and stop that program, or start the server with a different port.
Successfully loaded PyTorch BiLSTM Trained on FakeNewsNet!
 * Serving Flask app 'app'
 * Debug mode: on
Address already in use
Port 3000 is in use by another program. Either identify and stop that program, or start the server with a different port.
Successfully loaded PyTorch BiLSTM Trained on FakeNewsNet!
 * Serving Flask app 'app'
 * Debug mode: on
Address already in use
Port 3000 is in use by another program. Either identify and stop that program, or start the server with a different port.
Successfully loaded PyTorch BiLSTM Trained on FakeNewsNet!
 * Serving Flask app 'app'
 * Debug mode: on
Address already in use
Port 3000 is in use by another program. Either identify and stop that program, or start the server with a different port.
Successfully loaded PyTorch BiLSTM Trained on FakeNewsNet!
 * Serving Flask app 'app'
 * Debug mode: on
Address already in use
Port 3000 is in use by another program. Either identify and stop that program, or start the server with a different port.
Successfully loaded PyTorch BiLSTM Trained on FakeNewsNet!
 * Serving Flask app 'app'
 * Debug mode: on
Address already in use
Port 3000 is in use by another program. Either identify and stop that program, or start the server with a different port.
Successfully loaded PyTorch BiLSTM Trained on FakeNewsNet!
 * Serving Flask app 'app'
 * Debug mode: on
Address already in use
Port 3000 is in use by another program. Either identify and stop that program, or start the server with a different port.
Successfully loaded PyTorch BiLSTM Trained on FakeNewsNet!
 * Serving Flask app 'app'
 * Debug mode: on
Address already in use
Port 3000 is in use by another program. Either identify and stop that program, or start the server with a different port.
Successfully loaded PyTorch BiLSTM Trained on FakeNewsNet!
 * Serving Flask app 'app'
 * Debug mode: on
Address already in use
Port 3000 is in use by another program. Either identify and stop that program, or start the server with a different port.
Successfully loaded PyTorch BiLSTM Trained on FakeNewsNet!
 * Serving Flask app 'app'
 * Debug mode: on
Address already in use
Port 3000 is in use by another program. Either identify and stop that program, or start the server with a different port.
Successfully loaded PyTorch BiLSTM Trained on FakeNewsNet!
 * Serving Flask app 'app'
 * Debug mode: on
Address already in use
Port 3000 is in use by another program. Either identify and stop that program, or start the server with a different port.
Successfully loaded PyTorch BiLSTM Trained on FakeNewsNet!
 * Serving Flask app 'app'
 * Debug mode: on
Address already in use
Port 3000 is in use by another program. Either identify and stop that program, or start the server with a different port.
Successfully loaded PyTorch BiLSTM Trained on FakeNewsNet!
 * Serving Flask app 'app'
 * Debug mode: on
Address already in use
Port 3000 is in use by another program. Either identify and stop that program, or start the server with a different port.
Successfully loaded PyTorch BiLSTM Trained on FakeNewsNet!
 * Serving Flask app 'app'
 * Debug mode: on
Address already in use
Port 3000 is in use by another program. Either identify and stop that program, or start the server with a different port.
Successfully loaded PyTorch BiLSTM Trained on FakeNewsNet!
 * Serving Flask app 'app'
 * Debug mode: on
Address already in use
Port 3000 is in use by another program. Either identify and stop that program, or start the server with a different port.
Successfully loaded PyTorch BiLSTM Trained on FakeNewsNet!
 * Serving Flask app 'app'
 * Debug mode: on
Address already in use
Port 3000 is in use by another program. Either identify and stop that program, or start the server with a different port.
Successfully loaded PyTorch BiLSTM Trained on FakeNewsNet!
 * Serving Flask app 'app'
 * Debug mode: on
Address already in use
Port 3000 is in use by another program. Either identify and stop that program, or start the server with a different port.
Successfully loaded PyTorch BiLSTM Trained on FakeNewsNet!
 * Serving Flask app 'app'
 * Debug mode: on
Address already in use
Port 3000 is in use by another program. Either identify and stop that program, or start the server with a different port.
Successfully loaded PyTorch BiLSTM Trained on FakeNewsNet!
 * Serving Flask app 'app'
 * Debug mode: on
Address already in use
Port 3000 is in use by another program. Either identify and stop that program, or start the server with a different port.
Successfully loaded PyTorch BiLSTM Trained on FakeNewsNet!
 * Serving Flask app 'app'
 * Debug mode: on
Address already in use
Port 3000 is in use by another program. Either identify and stop that program, or start the server with a different port.
Successfully loaded PyTorch BiLSTM Trained on FakeNewsNet!
 * Serving Flask app 'app'
 * Debug mode: on
Address already in use
Port 3000 is in use by another program. Either identify and stop that program, or start the server with a different port.
Successfully loaded PyTorch BiLSTM Trained on FakeNewsNet!
 * Serving Flask app 'app'
 * Debug mode: on
Address already in use
Port 3000 is in use by another program. Either identify and stop that program, or start the server with a different port.
Successfully loaded PyTorch BiLSTM Trained on FakeNewsNet!
 * Serving Flask app 'app'
 * Debug mode: on
Address already in use
Port 3000 is in use by another program. Either identify and stop that program, or start the server with a different port.
Successfully loaded PyTorch BiLSTM Trained on FakeNewsNet!
 * Serving Flask app 'app'
 * Debug mode: on
Address already in use
Port 3000 is in use by another program. Either identify and stop that program, or start the server with a different port.
Successfully loaded PyTorch BiLSTM Trained on FakeNewsNet!
 * Serving Flask app 'app'
 * Debug mode: on
Address already in use
Port 3000 is in use by another program. Either identify and stop that program, or start the server with a different port.
Successfully loaded PyTorch BiLSTM Trained on FakeNewsNet!
 * Serving Flask app 'app'
 * Debug mode: on
Address already in use
Port 3000 is in use by another program. Either identify and stop that program, or start the server with a different port.
Successfully loaded PyTorch BiLSTM Trained on FakeNewsNet!
 * Serving Flask app 'app'
 * Debug mode: on
Address already in use
Port 3000 is in use by another program. Either identify and stop that program, or start the server with a different port.
Successfully loaded PyTorch BiLSTM Trained on FakeNewsNet!
 * Serving Flask app 'app'
 * Debug mode: on
Address already in use
Port 3000 is in use by another program. Either identify and stop that program, or start the server with a different port.
Successfully loaded PyTorch BiLSTM Trained on FakeNewsNet!
 * Serving Flask app 'app'
 * Debug mode: on
Address already in use
Port 3000 is in use by another program. Either identify and stop that program, or start the server with a different port.
Successfully loaded PyTorch BiLSTM Trained on FakeNewsNet!
 * Serving Flask app 'app'
 * Debug mode: on
Address already in use
Port 3000 is in use by another program. Either identify and stop that program, or start the server with a different port.
Successfully loaded PyTorch BiLSTM Trained on FakeNewsNet!
 * Serving Flask app 'app'
 * Debug mode: on
[31m[1mWARNING: This is a development server. Do not use it in a production deployment. Use a production WSGI server instead.[0m
 * Running on http://127.0.0.1:3000
[33mPress CTRL+C to quit[0m
 * Restarting with stat
 * Debugger is active!
 * Debugger PIN: 133-651-442
127.0.0.1 - - [13/Apr/2026 22:42:00] "GET / HTTP/1.1" 200 -
127.0.0.1 - - [13/Apr/2026 22:42:00] "GET /app.js HTTP/1.1" 200 -
127.0.0.1 - - [13/Apr/2026 22:42:00] "GET /index.css HTTP/1.1" 200 -
127.0.0.1 - - [13/Apr/2026 22:42:00] "GET /api/database HTTP/1.1" 200 -
127.0.0.1 - - [13/Apr/2026 22:42:00] "GET /api/metrics HTTP/1.1" 200 -
127.0.0.1 - - [13/Apr/2026 22:42:00] "[33mGET /favicon.ico HTTP/1.1[0m" 404 -
127.0.0.1 - - [13/Apr/2026 23:04:10] "GET / HTTP/1.1" 200 -
127.0.0.1 - - [13/Apr/2026 23:04:11] "[33mGET /apple-touch-icon-precomposed.png HTTP/1.1[0m" 404 -
127.0.0.1 - - [13/Apr/2026 23:04:12] "[33mGET /apple-touch-icon.png HTTP/1.1[0m" 404 -
127.0.0.1 - - [13/Apr/2026 23:04:12] "[33mGET /favicon.ico HTTP/1.1[0m" 404 -
127.0.0.1 - - [13/Apr/2026 23:04:12] "[33mGET /apple-touch-icon-precomposed.png HTTP/1.1[0m" 404 -
127.0.0.1 - - [13/Apr/2026 23:04:13] "[33mGET /apple-touch-icon.png HTTP/1.1[0m" 404 -
127.0.0.1 - - [13/Apr/2026 23:04:13] "[33mGET /favicon.ico HTTP/1.1[0m" 404 -
127.0.0.1 - - [13/Apr/2026 23:04:13] "GET / HTTP/1.1" 200 -
127.0.0.1 - - [13/Apr/2026 23:04:13] "[33mGET /apple-touch-icon-precomposed.png HTTP/1.1[0m" 404 -
127.0.0.1 - - [13/Apr/2026 23:04:14] "[33mGET /apple-touch-icon.png HTTP/1.1[0m" 404 -
127.0.0.1 - - [13/Apr/2026 23:04:14] "[33mGET /favicon.ico HTTP/1.1[0m" 404 -
127.0.0.1 - - [13/Apr/2026 23:04:15] "[33mGET /apple-touch-icon-precomposed.png HTTP/1.1[0m" 404 -
127.0.0.1 - - [13/Apr/2026 23:04:15] "[33mGET /apple-touch-icon.png HTTP/1.1[0m" 404 -
127.0.0.1 - - [13/Apr/2026 23:04:15] "[33mGET /favicon.ico HTTP/1.1[0m" 404 -
